Using pre-set license
Built from '2020.3/china_unity/release' branch; Version is '2020.3.10f1c1 (65978a05d4e9) revision 6657930'; Using compiler version '192528614'; Build Type 'Release'
OS: 'Windows 10 Home China; OS build 19042.985; Version 2009; 64bit' Language: 'zh' Physical Memory: 8037 MB
BatchMode: 1, IsHumanControllingUs: 0, StartBugReporterOnCrash: 0, Is64bit: 1, IsPro: 0

 COMMAND LINE ARGUMENTS:
E:\Unity Editors\2020.3.10f1c1\Editor\Unity.exe
-adb2
-batchMode
-noUpm
-name
AssetImportWorker0
-projectPath
D:/GitRepository/GMTK/The GMTK Trail
-logFile
Logs/AssetImportWorker0.log
-srvPort
51137
Successfully changed project path to: D:/GitRepository/GMTK/The GMTK Trail
D:/GitRepository/GMTK/The GMTK Trail
Using Asset Import Pipeline V2.
Refreshing native plugins compatible for Editor in 85.88 ms, found 2 plugins.
Preloading 0 native plugins for Editor in 0.00 ms.
Initialize engine version: 2020.3.10f1c1 (65978a05d4e9)
[Subsystems] Discovering subsystems at path E:/Unity Editors/2020.3.10f1c1/Editor/Data/Resources/UnitySubsystems
[Subsystems] Discovering subsystems at path D:/GitRepository/GMTK/The GMTK Trail/Assets
GfxDevice: creating device client; threaded=0
Direct3D:
    Version:  Direct3D 11.0 [level 11.1]
    Renderer: NVIDIA GeForce MX250 (ID=0x1d13)
    Vendor:   
    VRAM:     1983 MB
    Driver:   25.21.14.1972
Shader 'Universal Render Pipeline/Particles/Lit': fallback shader 'Universal Render Pipeline/Particles/SimpleLit' not found
Initialize mono
Mono path[0] = 'E:/Unity Editors/2020.3.10f1c1/Editor/Data/Managed'
Mono path[1] = 'E:/Unity Editors/2020.3.10f1c1/Editor/Data/MonoBleedingEdge/lib/mono/unityjit'
Mono config path = 'E:/Unity Editors/2020.3.10f1c1/Editor/Data/MonoBleedingEdge/etc'
Using monoOptions --debugger-agent=transport=dt_socket,embedding=1,server=y,suspend=n,address=127.0.0.1:56892
Begin MonoManager ReloadAssembly
Registering precompiled unity dll's ...
Register platform support module: E:/Unity Editors/2020.3.10f1c1/Editor/Data/PlaybackEngines/WindowsStandaloneSupport/UnityEditor.WindowsStandalone.Extensions.dll
Registered in 0.001461 seconds.
Native extension for WindowsStandalone target not found
Refreshing native plugins compatible for Editor in 59.41 ms, found 2 plugins.
Preloading 0 native plugins for Editor in 0.00 ms.
Mono: successfully reloaded assembly
- Completed reload, in  0.693 seconds
Platform modules already initialized, skipping
Registering precompiled user dll's ...
Registered in 0.006013 seconds.
Begin MonoManager ReloadAssembly
Native extension for WindowsStandalone target not found
Refreshing native plugins compatible for Editor in 78.86 ms, found 2 plugins.
Preloading 0 native plugins for Editor in 0.00 ms.
Mono: successfully reloaded assembly
- Completed reload, in  1.217 seconds
Platform modules already initialized, skipping
========================================================================
Worker process is ready to serve import requests
Shader 'Universal Render Pipeline/Particles/Lit': fallback shader 'Universal Render Pipeline/Particles/SimpleLit' not found
Launched and connected shader compiler UnityShaderCompiler.exe after 0.08 seconds
Refreshing native plugins compatible for Editor in 0.88 ms, found 2 plugins.
Preloading 0 native plugins for Editor in 0.00 ms.
Unloading 3514 Unused Serialized files (Serialized files now loaded: 0)
System memory in use before: 151.7 MB.
System memory in use after: 151.9 MB.

Unloading 60 unused Assets to reduce memory usage. Loaded Objects now: 3936.
Total: 2.835900 ms (FindLiveObjects: 0.360800 ms CreateObjectMapping: 0.127400 ms MarkObjects: 2.269900 ms  DeleteObjects: 0.076900 ms)

========================================================================
Received Import Request.
  path: Assets/Script/3GameScene/InitationAnimal.cs
  artifactKey: Guid(51c73e64753d8d740b25a88d5dd93193) Importer(815301076,1909f56bfc062723c751e8b465ee728b)
Start importing Assets/Script/3GameScene/InitationAnimal.cs using Guid(51c73e64753d8d740b25a88d5dd93193) Importer(815301076,1909f56bfc062723c751e8b465ee728b)  -> (artifact id: 'cf2d6e91aef9663e180516dc3543292f') in 0.040673 seconds
  Import took 0.046638 seconds .

========================================================================
Received Prepare
Registering precompiled user dll's ...
Registered in 0.005791 seconds.
Begin MonoManager ReloadAssembly
Native extension for WindowsStandalone target not found
Refreshing native plugins compatible for Editor in 1.00 ms, found 2 plugins.
Preloading 0 native plugins for Editor in 0.00 ms.
Mono: successfully reloaded assembly
- Completed reload, in  1.204 seconds
Platform modules already initialized, skipping
Shader 'Universal Render Pipeline/Particles/Lit': fallback shader 'Universal Render Pipeline/Particles/SimpleLit' not found
Refreshing native plugins compatible for Editor in 1.24 ms, found 2 plugins.
Preloading 0 native plugins for Editor in 0.00 ms.
Unloading 3426 Unused Serialized files (Serialized files now loaded: 0)
System memory in use before: 143.8 MB.
System memory in use after: 144.0 MB.

Unloading 50 unused Assets to reduce memory usage. Loaded Objects now: 3939.
Total: 2.980300 ms (FindLiveObjects: 0.409900 ms CreateObjectMapping: 0.170300 ms MarkObjects: 2.369200 ms  DeleteObjects: 0.029600 ms)

========================================================================
Received Import Request.
  Time since last request: 181.070940 seconds.
  path: Assets/Script/3GameScene/InitationAnimal.cs
  artifactKey: Guid(51c73e64753d8d740b25a88d5dd93193) Importer(815301076,1909f56bfc062723c751e8b465ee728b)
Start importing Assets/Script/3GameScene/InitationAnimal.cs using Guid(51c73e64753d8d740b25a88d5dd93193) Importer(815301076,1909f56bfc062723c751e8b465ee728b)  -> (artifact id: '08a1b1f7318c9f11ab7bf925dfc10b69') in 0.005508 seconds
  Import took 0.010933 seconds .

