Using pre-set license
Built from '2020.3/china_unity/release' branch; Version is '2020.3.10f1c1 (65978a05d4e9) revision 6657930'; Using compiler version '192528614'; Build Type 'Release'
OS: 'Windows 10 Home China; OS build 19042.985; Version 2009; 64bit' Language: 'zh' Physical Memory: 8037 MB
BatchMode: 1, IsHumanControllingUs: 0, StartBugReporterOnCrash: 0, Is64bit: 1, IsPro: 0

 COMMAND LINE ARGUMENTS:
E:\Unity Editors\2020.3.10f1c1\Editor\Unity.exe
-adb2
-batchMode
-noUpm
-name
AssetImportWorker0
-projectPath
D:/GitRepository/GMTK/The GMTK Trail
-logFile
Logs/AssetImportWorker0.log
-srvPort
61239
Successfully changed project path to: D:/GitRepository/GMTK/The GMTK Trail
D:/GitRepository/GMTK/The GMTK Trail
Using Asset Import Pipeline V2.
Refreshing native plugins compatible for Editor in 70.16 ms, found 2 plugins.
Preloading 0 native plugins for Editor in 0.00 ms.
Initialize engine version: 2020.3.10f1c1 (65978a05d4e9)
[Subsystems] Discovering subsystems at path E:/Unity Editors/2020.3.10f1c1/Editor/Data/Resources/UnitySubsystems
[Subsystems] Discovering subsystems at path D:/GitRepository/GMTK/The GMTK Trail/Assets
GfxDevice: creating device client; threaded=0
Direct3D:
    Version:  Direct3D 11.0 [level 11.1]
    Renderer: NVIDIA GeForce MX250 (ID=0x1d13)
    Vendor:   
    VRAM:     1983 MB
    Driver:   25.21.14.1972
Shader 'Universal Render Pipeline/Particles/Lit': fallback shader 'Universal Render Pipeline/Particles/SimpleLit' not found
Initialize mono
Mono path[0] = 'E:/Unity Editors/2020.3.10f1c1/Editor/Data/Managed'
Mono path[1] = 'E:/Unity Editors/2020.3.10f1c1/Editor/Data/MonoBleedingEdge/lib/mono/unityjit'
Mono config path = 'E:/Unity Editors/2020.3.10f1c1/Editor/Data/MonoBleedingEdge/etc'
Using monoOptions --debugger-agent=transport=dt_socket,embedding=1,server=y,suspend=n,address=127.0.0.1:56268
Begin MonoManager ReloadAssembly
Registering precompiled unity dll's ...
Register platform support module: E:/Unity Editors/2020.3.10f1c1/Editor/Data/PlaybackEngines/WindowsStandaloneSupport/UnityEditor.WindowsStandalone.Extensions.dll
Registered in 0.001226 seconds.
Native extension for WindowsStandalone target not found
Refreshing native plugins compatible for Editor in 75.96 ms, found 2 plugins.
Preloading 0 native plugins for Editor in 0.00 ms.
Mono: successfully reloaded assembly
- Completed reload, in  0.819 seconds
Platform modules already initialized, skipping
Registering precompiled user dll's ...
Registered in 0.007603 seconds.
Begin MonoManager ReloadAssembly
Native extension for WindowsStandalone target not found
Refreshing native plugins compatible for Editor in 77.14 ms, found 2 plugins.
Preloading 0 native plugins for Editor in 0.00 ms.
Mono: successfully reloaded assembly
- Completed reload, in  1.489 seconds
Platform modules already initialized, skipping
========================================================================
Worker process is ready to serve import requests
Shader 'Universal Render Pipeline/Particles/Lit': fallback shader 'Universal Render Pipeline/Particles/SimpleLit' not found
Launched and connected shader compiler UnityShaderCompiler.exe after 0.08 seconds
Refreshing native plugins compatible for Editor in 1.20 ms, found 2 plugins.
Preloading 0 native plugins for Editor in 0.00 ms.
Unloading 3511 Unused Serialized files (Serialized files now loaded: 0)
System memory in use before: 151.7 MB.
System memory in use after: 151.9 MB.

Unloading 60 unused Assets to reduce memory usage. Loaded Objects now: 3933.
Total: 3.701800 ms (FindLiveObjects: 0.440200 ms CreateObjectMapping: 0.196200 ms MarkObjects: 2.959500 ms  DeleteObjects: 0.104800 ms)

========================================================================
Received Import Request.
  path: Assets/Resources/DataSheet/myLanguageSheet.asset
  artifactKey: Guid(07d4953f5e974734bbc508bf13680aae) Importer(815301076,1909f56bfc062723c751e8b465ee728b)
Start importing Assets/Resources/DataSheet/myLanguageSheet.asset using Guid(07d4953f5e974734bbc508bf13680aae) Importer(815301076,1909f56bfc062723c751e8b465ee728b)  -> (artifact id: '80d357ab52f5d1d1fa4d479f60647a00') in 0.057062 seconds
  Import took 0.064345 seconds .

========================================================================
Received Import Request.
  Time since last request: 46.432299 seconds.
  path: Assets/3rdParty/SaveGame/Documentation/1.jpg
  artifactKey: Guid(f73e65c6629765f42a50a3020240b3bc) Importer(815301076,1909f56bfc062723c751e8b465ee728b)
Start importing Assets/3rdParty/SaveGame/Documentation/1.jpg using Guid(f73e65c6629765f42a50a3020240b3bc) Importer(815301076,1909f56bfc062723c751e8b465ee728b)  -> (artifact id: '209e27002690a23b37f6169703a03e22') in 0.059480 seconds
  Import took 0.067015 seconds .

========================================================================
Received Import Request.
  Time since last request: 0.000293 seconds.
  path: Assets/3rdParty/Demigiant/DOTween/Editor/Imgs/Header.jpg
  artifactKey: Guid(78a59ca99f8987941adb61f9e14a06a7) Importer(815301076,1909f56bfc062723c751e8b465ee728b)
Start importing Assets/3rdParty/Demigiant/DOTween/Editor/Imgs/Header.jpg using Guid(78a59ca99f8987941adb61f9e14a06a7) Importer(815301076,1909f56bfc062723c751e8b465ee728b)  -> (artifact id: '9c516ff7f57d97fdfe04169733c75dfd') in 0.020333 seconds
  Import took 0.026786 seconds .

========================================================================
Received Import Request.
  Time since last request: 0.000273 seconds.
  path: Assets/Resources/Art/Characters/cat.png
  artifactKey: Guid(46f89f6a8fb09274d8792b8756d195f7) Importer(815301076,1909f56bfc062723c751e8b465ee728b)
Start importing Assets/Resources/Art/Characters/cat.png using Guid(46f89f6a8fb09274d8792b8756d195f7) Importer(815301076,1909f56bfc062723c751e8b465ee728b)  -> (artifact id: 'd148b955aa1823bc71beb52bce788129') in 0.061541 seconds
  Import took 0.069438 seconds .

========================================================================
Received Import Request.
  Time since last request: 0.000265 seconds.
  path: Assets/Resources/Art/Gui/icon_right.png
  artifactKey: Guid(4ff960b0b8d55ee4c8ab03fef4b8b6e6) Importer(815301076,1909f56bfc062723c751e8b465ee728b)
Start importing Assets/Resources/Art/Gui/icon_right.png using Guid(4ff960b0b8d55ee4c8ab03fef4b8b6e6) Importer(815301076,1909f56bfc062723c751e8b465ee728b)  -> (artifact id: 'ebab71127a18d01fb452ec715d795199') in 0.017229 seconds
  Import took 0.025005 seconds .

========================================================================
Received Import Request.
  Time since last request: 0.000304 seconds.
  path: Assets/3rdParty/Demigiant/DOTween/Editor/Imgs/Footer.png
  artifactKey: Guid(7051dba417b3d53409f2918f1ea4938d) Importer(815301076,1909f56bfc062723c751e8b465ee728b)
Start importing Assets/3rdParty/Demigiant/DOTween/Editor/Imgs/Footer.png using Guid(7051dba417b3d53409f2918f1ea4938d) Importer(815301076,1909f56bfc062723c751e8b465ee728b)  -> (artifact id: '7693629bd6ca650a8b2c8332f3e5b960') in 0.020850 seconds
  Import took 0.028004 seconds .

========================================================================
Received Import Request.
  Time since last request: 0.000329 seconds.
  path: Assets/3rdParty/SaveGame/Documentation/get.jpg
  artifactKey: Guid(04cc2e5a97bb91b41abe61e54ebd0772) Importer(815301076,1909f56bfc062723c751e8b465ee728b)
Start importing Assets/3rdParty/SaveGame/Documentation/get.jpg using Guid(04cc2e5a97bb91b41abe61e54ebd0772) Importer(815301076,1909f56bfc062723c751e8b465ee728b)  -> (artifact id: '5a32905520f4b67f53322abf2d50120e') in 0.020731 seconds
  Import took 0.029071 seconds .

========================================================================
Received Import Request.
  Time since last request: 0.000315 seconds.
  path: Assets/Resources/Art/Gui/icon_head_robot.png
  artifactKey: Guid(7868ded2dc5de714db7e24173150461b) Importer(815301076,1909f56bfc062723c751e8b465ee728b)
Start importing Assets/Resources/Art/Gui/icon_head_robot.png using Guid(7868ded2dc5de714db7e24173150461b) Importer(815301076,1909f56bfc062723c751e8b465ee728b)  -> (artifact id: 'd29b045a0afee0f2a9e995ceda0a4a51') in 0.019774 seconds
  Import took 0.027960 seconds .

========================================================================
Received Import Request.
  Time since last request: 0.000260 seconds.
  path: Assets/Resources/Art/Characters/koala.png
  artifactKey: Guid(52dd8b0d37c82304ca81ddbae5c85365) Importer(815301076,1909f56bfc062723c751e8b465ee728b)
Start importing Assets/Resources/Art/Characters/koala.png using Guid(52dd8b0d37c82304ca81ddbae5c85365) Importer(815301076,1909f56bfc062723c751e8b465ee728b)  -> (artifact id: 'a140aa13702a6a79c629cd76919621da') in 0.017949 seconds
  Import took 0.025518 seconds .

========================================================================
Received Import Request.
  Time since last request: 0.000353 seconds.
  path: Assets/Resources/Art/Gui/Icon_Application.png
  artifactKey: Guid(afae6a035645db24c8001291a2262337) Importer(815301076,1909f56bfc062723c751e8b465ee728b)
Start importing Assets/Resources/Art/Gui/Icon_Application.png using Guid(afae6a035645db24c8001291a2262337) Importer(815301076,1909f56bfc062723c751e8b465ee728b)  -> (artifact id: '566e52d0e51fd8b9acda9eeefcbe7443') in 0.017219 seconds
  Import took 0.025647 seconds .

========================================================================
Received Import Request.
  Time since last request: 0.000359 seconds.
  path: Assets/Resources/Art/Gui/icon_koala copy.png
  artifactKey: Guid(dfe96c532caf1d149bb7efdc2c3657f8) Importer(815301076,1909f56bfc062723c751e8b465ee728b)
Start importing Assets/Resources/Art/Gui/icon_koala copy.png using Guid(dfe96c532caf1d149bb7efdc2c3657f8) Importer(815301076,1909f56bfc062723c751e8b465ee728b)  -> (artifact id: '3bc86275ad7a371f3fa650acdc9a5172') in 0.018688 seconds
  Import took 0.025113 seconds .

========================================================================
Received Import Request.
  Time since last request: 0.000344 seconds.
  path: Assets/Resources/Art/Gui/icon_language_goose.png
  artifactKey: Guid(e7b01fc3526add04e9d5308b595a5569) Importer(815301076,1909f56bfc062723c751e8b465ee728b)
Start importing Assets/Resources/Art/Gui/icon_language_goose.png using Guid(e7b01fc3526add04e9d5308b595a5569) Importer(815301076,1909f56bfc062723c751e8b465ee728b)  -> (artifact id: '891cee6f56f33d6c16aa9ef45ea9f5c8') in 0.020960 seconds
  Import took 0.027566 seconds .

========================================================================
Received Import Request.
  Time since last request: 0.000340 seconds.
  path: Assets/3rdParty/Demigiant/DOTween/Editor/Imgs/Footer_dark.png
  artifactKey: Guid(519694efe2bb2914788b151fbd8c01f4) Importer(815301076,1909f56bfc062723c751e8b465ee728b)
Start importing Assets/3rdParty/Demigiant/DOTween/Editor/Imgs/Footer_dark.png using Guid(519694efe2bb2914788b151fbd8c01f4) Importer(815301076,1909f56bfc062723c751e8b465ee728b)  -> (artifact id: '331cd2142e11ac52a290d85aa7b60e95') in 0.018505 seconds
  Import took 0.025938 seconds .

========================================================================
Received Import Request.
  Time since last request: 0.000282 seconds.
  path: Assets/Resources/Art/Characters/goose.png
  artifactKey: Guid(8dc927e1a6296824392157f85cda74bf) Importer(815301076,1909f56bfc062723c751e8b465ee728b)
Start importing Assets/Resources/Art/Characters/goose.png using Guid(8dc927e1a6296824392157f85cda74bf) Importer(815301076,1909f56bfc062723c751e8b465ee728b)  -> (artifact id: 'f43c2cbc10c75b30411bf1e53cd7c1b6') in 0.016839 seconds
  Import took 0.026033 seconds .

========================================================================
Received Import Request.
  Time since last request: 0.000350 seconds.
  path: Assets/3rdParty/DataSheetLab/Editor/DataSheetWindowIcon.png
  artifactKey: Guid(c8b458b7ebbdce942aaaf1ae80f16458) Importer(815301076,1909f56bfc062723c751e8b465ee728b)
Start importing Assets/3rdParty/DataSheetLab/Editor/DataSheetWindowIcon.png using Guid(c8b458b7ebbdce942aaaf1ae80f16458) Importer(815301076,1909f56bfc062723c751e8b465ee728b)  -> (artifact id: '217fc968ce975a2d6638ddcc8f7089c1') in 0.014643 seconds
  Import took 0.020937 seconds .

========================================================================
Received Import Request.
  Time since last request: 0.000296 seconds.
  path: Assets/Resources/Art/Gui/ui_playBackground.jpg
  artifactKey: Guid(8be636b153ced1842bade363f630772c) Importer(815301076,1909f56bfc062723c751e8b465ee728b)
Start importing Assets/Resources/Art/Gui/ui_playBackground.jpg using Guid(8be636b153ced1842bade363f630772c) Importer(815301076,1909f56bfc062723c751e8b465ee728b)  -> (artifact id: 'cfa2104c421dd5172331675bdd684422') in 0.025443 seconds
  Import took 0.032083 seconds .

========================================================================
Received Import Request.
  Time since last request: 0.000356 seconds.
  path: Assets/3rdParty/Demigiant/DOTween/Editor/Imgs/DOTweenIcon.png
  artifactKey: Guid(8da095e39e9b4df488dfd436f81116d6) Importer(815301076,1909f56bfc062723c751e8b465ee728b)
Start importing Assets/3rdParty/Demigiant/DOTween/Editor/Imgs/DOTweenIcon.png using Guid(8da095e39e9b4df488dfd436f81116d6) Importer(815301076,1909f56bfc062723c751e8b465ee728b)  -> (artifact id: '75bd1bd62bee5c041f53940aeef1f628') in 0.020266 seconds
  Import took 0.027598 seconds .

========================================================================
Received Import Request.
  Time since last request: 0.000342 seconds.
  path: Assets/Resources/Art/Gui/icon_language_koala.png
  artifactKey: Guid(faeb37b785e0ece4d981995fc5a3616d) Importer(815301076,1909f56bfc062723c751e8b465ee728b)
Start importing Assets/Resources/Art/Gui/icon_language_koala.png using Guid(faeb37b785e0ece4d981995fc5a3616d) Importer(815301076,1909f56bfc062723c751e8b465ee728b)  -> (artifact id: 'f3124555bdf5cf3289c647f3b694d328') in 0.013093 seconds
  Import took 0.020401 seconds .

========================================================================
Received Import Request.
  Time since last request: 0.000339 seconds.
  path: Assets/3rdParty/SaveGame/Documentation/set.jpg
  artifactKey: Guid(faadb8b8f464c5940ba8cff422aa60ec) Importer(815301076,1909f56bfc062723c751e8b465ee728b)
Start importing Assets/3rdParty/SaveGame/Documentation/set.jpg using Guid(faadb8b8f464c5940ba8cff422aa60ec) Importer(815301076,1909f56bfc062723c751e8b465ee728b)  -> (artifact id: '55eafdda95bca62725f48ffc7846d1be') in 0.013520 seconds
  Import took 0.020216 seconds .

========================================================================
Received Import Request.
  Time since last request: 0.000273 seconds.
  path: Assets/Resources/Art/Gui/icon_wrong.png
  artifactKey: Guid(45b850450f0541748b4831a8d0d5b6d9) Importer(815301076,1909f56bfc062723c751e8b465ee728b)
Start importing Assets/Resources/Art/Gui/icon_wrong.png using Guid(45b850450f0541748b4831a8d0d5b6d9) Importer(815301076,1909f56bfc062723c751e8b465ee728b)  -> (artifact id: 'be8f5e4784adfd8c236cee9137e794e5') in 0.012795 seconds
  Import took 0.020976 seconds .

========================================================================
Received Import Request.
  Time since last request: 0.000308 seconds.
  path: Assets/Resources/Art/Characters/robot.png
  artifactKey: Guid(6729073ab6aa4074081f31c77cbb060f) Importer(815301076,1909f56bfc062723c751e8b465ee728b)
Start importing Assets/Resources/Art/Characters/robot.png using Guid(6729073ab6aa4074081f31c77cbb060f) Importer(815301076,1909f56bfc062723c751e8b465ee728b)  -> (artifact id: 'f5734ad819db5148186115af01db08f2') in 0.021178 seconds
  Import took 0.029045 seconds .

========================================================================
Received Import Request.
  Time since last request: 0.000503 seconds.
  path: Assets/3rdParty/SaveGame/Documentation/1.jpg
  artifactKey: Guid(f73e65c6629765f42a50a3020240b3bc) Importer(815301076,1909f56bfc062723c751e8b465ee728b)
Start importing Assets/3rdParty/SaveGame/Documentation/1.jpg using Guid(f73e65c6629765f42a50a3020240b3bc) Importer(815301076,1909f56bfc062723c751e8b465ee728b)  -> (artifact id: '209e27002690a23b37f6169703a03e22') in 0.004935 seconds
  Import took 0.012167 seconds .

========================================================================
Received Import Request.
  Time since last request: 0.000374 seconds.
  path: Assets/Resources/Art/Gui/icon_head_cat.png
  artifactKey: Guid(2f6d4bcbd28f54944a74ed4cd4480e0e) Importer(815301076,1909f56bfc062723c751e8b465ee728b)
Start importing Assets/Resources/Art/Gui/icon_head_cat.png using Guid(2f6d4bcbd28f54944a74ed4cd4480e0e) Importer(815301076,1909f56bfc062723c751e8b465ee728b)  -> (artifact id: '43514adc98b35478e156cc69606311e9') in 0.017821 seconds
  Import took 0.025436 seconds .

========================================================================
Received Import Request.
  Time since last request: 0.000370 seconds.
  path: Assets/Resources/Art/Gui/icon_setting.png
  artifactKey: Guid(2df0cde5331833b42b0808b0de2550dd) Importer(815301076,1909f56bfc062723c751e8b465ee728b)
Start importing Assets/Resources/Art/Gui/icon_setting.png using Guid(2df0cde5331833b42b0808b0de2550dd) Importer(815301076,1909f56bfc062723c751e8b465ee728b)  -> (artifact id: 'd17e646547bf672aef1d6a5d59a2f19a') in 0.015655 seconds
  Import took 0.023081 seconds .

========================================================================
Received Import Request.
  Time since last request: 0.000320 seconds.
  path: Assets/Resources/Art/Gui/icon_language_dog.png
  artifactKey: Guid(059f338f6f5c5fd42bce125e501197bc) Importer(815301076,1909f56bfc062723c751e8b465ee728b)
Start importing Assets/Resources/Art/Gui/icon_language_dog.png using Guid(059f338f6f5c5fd42bce125e501197bc) Importer(815301076,1909f56bfc062723c751e8b465ee728b)  -> (artifact id: '2b2fe3c2a7d4daf7c3b27e66978d4bab') in 0.014322 seconds
  Import took 0.022101 seconds .

========================================================================
Received Import Request.
  Time since last request: 0.000352 seconds.
  path: Assets/Resources/Art/Gui/ui_animalSlot.png
  artifactKey: Guid(5bb6dc43d92b531419e6dfd765a2e9d6) Importer(815301076,1909f56bfc062723c751e8b465ee728b)
Start importing Assets/Resources/Art/Gui/ui_animalSlot.png using Guid(5bb6dc43d92b531419e6dfd765a2e9d6) Importer(815301076,1909f56bfc062723c751e8b465ee728b)  -> (artifact id: 'aef40f7400eedb7ae9220213b404050f') in 0.015113 seconds
  Import took 0.022197 seconds .

========================================================================
Received Import Request.
  Time since last request: 0.000400 seconds.
  path: Assets/Resources/Art/Gui/icon_head_dog.png
  artifactKey: Guid(6a6bf1a7b159d274980a161c0f52a543) Importer(815301076,1909f56bfc062723c751e8b465ee728b)
Start importing Assets/Resources/Art/Gui/icon_head_dog.png using Guid(6a6bf1a7b159d274980a161c0f52a543) Importer(815301076,1909f56bfc062723c751e8b465ee728b)  -> (artifact id: '69041006811f5f7a2b302df4eaa6b45a') in 0.017609 seconds
  Import took 0.024928 seconds .

========================================================================
Received Import Request.
  Time since last request: 0.000549 seconds.
  path: Assets/Resources/Art/Gui/icon_language_robot.png
  artifactKey: Guid(903ba41c1f545f04c94d380a58642e86) Importer(815301076,1909f56bfc062723c751e8b465ee728b)
Start importing Assets/Resources/Art/Gui/icon_language_robot.png using Guid(903ba41c1f545f04c94d380a58642e86) Importer(815301076,1909f56bfc062723c751e8b465ee728b)  -> (artifact id: '13db3864a9121865be0020e0224d1485') in 0.016589 seconds
  Import took 0.023633 seconds .

========================================================================
Received Import Request.
  Time since last request: 0.000344 seconds.
  path: Assets/Resources/Art/Gui/icon_head_goose.png
  artifactKey: Guid(3b91f8e33585b7c45b18199e62d96b77) Importer(815301076,1909f56bfc062723c751e8b465ee728b)
Start importing Assets/Resources/Art/Gui/icon_head_goose.png using Guid(3b91f8e33585b7c45b18199e62d96b77) Importer(815301076,1909f56bfc062723c751e8b465ee728b)  -> (artifact id: '23490a6a90de3386c9f1b601bb070078') in 0.017670 seconds
  Import took 0.024629 seconds .

========================================================================
Received Import Request.
  Time since last request: 0.000260 seconds.
  path: Assets/Resources/Art/Characters/dog.png
  artifactKey: Guid(77a2ca1f9b4d2334ea029006f220f3ff) Importer(815301076,1909f56bfc062723c751e8b465ee728b)
Start importing Assets/Resources/Art/Characters/dog.png using Guid(77a2ca1f9b4d2334ea029006f220f3ff) Importer(815301076,1909f56bfc062723c751e8b465ee728b)  -> (artifact id: '3d31b7d69e5adba8fa7609486b66e310') in 0.017888 seconds
  Import took 0.026674 seconds .

========================================================================
Received Import Request.
  Time since last request: 0.000266 seconds.
  path: Assets/Resources/Art/Gui/icon_language_cat.png
  artifactKey: Guid(803d857bfd7ae904287c22aa192f993b) Importer(815301076,1909f56bfc062723c751e8b465ee728b)
Start importing Assets/Resources/Art/Gui/icon_language_cat.png using Guid(803d857bfd7ae904287c22aa192f993b) Importer(815301076,1909f56bfc062723c751e8b465ee728b)  -> (artifact id: 'cce27df7148abb2072c751dec1a06f79') in 0.016266 seconds
  Import took 0.022464 seconds .

========================================================================
Received Import Request.
  Time since last request: 0.000286 seconds.
  path: Assets/Resources/Art/Font/Cute-Aurora-2.ttf
  artifactKey: Guid(a2ee450fc76abee4680228c80c7c0371) Importer(815301076,1909f56bfc062723c751e8b465ee728b)
Start importing Assets/Resources/Art/Font/Cute-Aurora-2.ttf using Guid(a2ee450fc76abee4680228c80c7c0371) Importer(815301076,1909f56bfc062723c751e8b465ee728b)  -> (artifact id: '4d2472bcb92cc56bbc5e19c8b2bd3d44') in 0.054481 seconds
  Import took 0.062082 seconds .

========================================================================
Received Import Request.
  Time since last request: 0.000383 seconds.
  path: Assets/Resources/Art/Gui/ui_linkLine.png
  artifactKey: Guid(2296b30af2fd78e4b8c1480295ed29ea) Importer(815301076,1909f56bfc062723c751e8b465ee728b)
Start importing Assets/Resources/Art/Gui/ui_linkLine.png using Guid(2296b30af2fd78e4b8c1480295ed29ea) Importer(815301076,1909f56bfc062723c751e8b465ee728b)  -> (artifact id: 'a2354eab150f665b0a58b3be8fab1e0e') in 0.013293 seconds
  Import took 0.019719 seconds .

========================================================================
Received Import Request.
  Time since last request: 0.000332 seconds.
  path: Assets/Resources/Art/Gui/ui_languageBox.png
  artifactKey: Guid(35f5fab13c07d3444846600dde1d8b49) Importer(815301076,1909f56bfc062723c751e8b465ee728b)
Start importing Assets/Resources/Art/Gui/ui_languageBox.png using Guid(35f5fab13c07d3444846600dde1d8b49) Importer(815301076,1909f56bfc062723c751e8b465ee728b)  -> (artifact id: '8d66aa17a943f4f9263ba792d0e86565') in 0.009997 seconds
  Import took 0.016456 seconds .

========================================================================
Received Import Request.
  Time since last request: 55.398102 seconds.
  path: Assets/Resources/DataSheet/myLanguageSheet.asset
  artifactKey: Guid(07d4953f5e974734bbc508bf13680aae) Importer(815301076,1909f56bfc062723c751e8b465ee728b)
Start importing Assets/Resources/DataSheet/myLanguageSheet.asset using Guid(07d4953f5e974734bbc508bf13680aae) Importer(815301076,1909f56bfc062723c751e8b465ee728b)  -> (artifact id: '86694f932542a16219f12860bbcdc801') in 0.007605 seconds
  Import took 0.015617 seconds .

========================================================================
Received Prepare
Registering precompiled user dll's ...
Registered in 0.016801 seconds.
Begin MonoManager ReloadAssembly
Native extension for WindowsStandalone target not found
Refreshing native plugins compatible for Editor in 3.74 ms, found 2 plugins.
Preloading 0 native plugins for Editor in 0.00 ms.
Mono: successfully reloaded assembly
- Completed reload, in  2.939 seconds
Platform modules already initialized, skipping
Shader 'Universal Render Pipeline/Particles/Lit': fallback shader 'Universal Render Pipeline/Particles/SimpleLit' not found
Refreshing native plugins compatible for Editor in 1.56 ms, found 2 plugins.
Preloading 0 native plugins for Editor in 0.00 ms.
Unloading 3423 Unused Serialized files (Serialized files now loaded: 0)
System memory in use before: 147.1 MB.
System memory in use after: 147.3 MB.

Unloading 50 unused Assets to reduce memory usage. Loaded Objects now: 4011.
Total: 7.463000 ms (FindLiveObjects: 0.752100 ms CreateObjectMapping: 0.761100 ms MarkObjects: 5.876900 ms  DeleteObjects: 0.070400 ms)

========================================================================
Received Import Request.
  Time since last request: 338.719069 seconds.
  path: Assets/Resources/DataSheet/myLevelSheet.asset
  artifactKey: Guid(907a7b4938aefac4c857871be1cf7689) Importer(815301076,1909f56bfc062723c751e8b465ee728b)
Start importing Assets/Resources/DataSheet/myLevelSheet.asset using Guid(907a7b4938aefac4c857871be1cf7689) Importer(815301076,1909f56bfc062723c751e8b465ee728b)  -> (artifact id: '5e154e0b4105b269b4d237c00092c091') in 0.030731 seconds
  Import took 0.039612 seconds .

========================================================================
Received Import Request.
  Time since last request: 0.003380 seconds.
  path: Assets/Resources/DataSheet/myLevelSheet.asset
  artifactKey: Guid(907a7b4938aefac4c857871be1cf7689) Importer(815301076,1909f56bfc062723c751e8b465ee728b)
Start importing Assets/Resources/DataSheet/myLevelSheet.asset using Guid(907a7b4938aefac4c857871be1cf7689) Importer(815301076,1909f56bfc062723c751e8b465ee728b)  -> (artifact id: '5e154e0b4105b269b4d237c00092c091') in 0.002925 seconds
  Import took 0.009259 seconds .

========================================================================
Received Prepare
Registering precompiled user dll's ...
Registered in 0.006854 seconds.
Begin MonoManager ReloadAssembly
Native extension for WindowsStandalone target not found
Refreshing native plugins compatible for Editor in 2.58 ms, found 2 plugins.
Preloading 0 native plugins for Editor in 0.00 ms.
Mono: successfully reloaded assembly
- Completed reload, in  1.742 seconds
Platform modules already initialized, skipping
Shader 'Universal Render Pipeline/Particles/Lit': fallback shader 'Universal Render Pipeline/Particles/SimpleLit' not found
Refreshing native plugins compatible for Editor in 0.99 ms, found 2 plugins.
Preloading 0 native plugins for Editor in 0.00 ms.
Unloading 3423 Unused Serialized files (Serialized files now loaded: 0)
System memory in use before: 147.2 MB.
System memory in use after: 147.4 MB.

Unloading 50 unused Assets to reduce memory usage. Loaded Objects now: 4014.
Total: 4.143700 ms (FindLiveObjects: 0.507200 ms CreateObjectMapping: 0.351800 ms MarkObjects: 3.230500 ms  DeleteObjects: 0.052700 ms)

========================================================================
Received Import Request.
  Time since last request: 995.053167 seconds.
  path: Assets/Script/3GameScene/m_inputAction.cs
  artifactKey: Guid(11644be00adcfaf42b780788bda7fb57) Importer(815301076,1909f56bfc062723c751e8b465ee728b)
Start importing Assets/Script/3GameScene/m_inputAction.cs using Guid(11644be00adcfaf42b780788bda7fb57) Importer(815301076,1909f56bfc062723c751e8b465ee728b)  -> (artifact id: '7878885a4a2ff34d5cb169f6b9e0377a') in 0.038024 seconds
  Import took 0.050462 seconds .

========================================================================
Received Import Request.
  Time since last request: 0.010190 seconds.
  path: Assets/Script/3GameScene/m_inputAction.cs
  artifactKey: Guid(11644be00adcfaf42b780788bda7fb57) Importer(815301076,1909f56bfc062723c751e8b465ee728b)
Start importing Assets/Script/3GameScene/m_inputAction.cs using Guid(11644be00adcfaf42b780788bda7fb57) Importer(815301076,1909f56bfc062723c751e8b465ee728b)  -> (artifact id: '7878885a4a2ff34d5cb169f6b9e0377a') in 0.004957 seconds
  Import took 0.013447 seconds .

========================================================================
Received Import Request.
  Time since last request: 18.033091 seconds.
  path: Assets/Script/3GameScene/move.cs
  artifactKey: Guid(8b9a97337311eb544b9f023e50ac15c2) Importer(815301076,1909f56bfc062723c751e8b465ee728b)
Start importing Assets/Script/3GameScene/move.cs using Guid(8b9a97337311eb544b9f023e50ac15c2) Importer(815301076,1909f56bfc062723c751e8b465ee728b)  -> (artifact id: '29fd849181d78e04de57b71eb5fc81a9') in 0.014445 seconds
  Import took 0.025903 seconds .

========================================================================
Received Prepare
Registering precompiled user dll's ...
Registered in 0.398544 seconds.
Begin MonoManager ReloadAssembly
Native extension for WindowsStandalone target not found
Refreshing native plugins compatible for Editor in 3.34 ms, found 2 plugins.
Preloading 0 native plugins for Editor in 0.00 ms.
Mono: successfully reloaded assembly
- Completed reload, in  3.101 seconds
Platform modules already initialized, skipping
Shader 'Universal Render Pipeline/Particles/Lit': fallback shader 'Universal Render Pipeline/Particles/SimpleLit' not found
Refreshing native plugins compatible for Editor in 1.38 ms, found 2 plugins.
Preloading 0 native plugins for Editor in 0.00 ms.
Unloading 3423 Unused Serialized files (Serialized files now loaded: 0)
System memory in use before: 147.2 MB.
System memory in use after: 147.5 MB.

Unloading 50 unused Assets to reduce memory usage. Loaded Objects now: 4017.
Total: 4.653700 ms (FindLiveObjects: 0.757900 ms CreateObjectMapping: 0.355700 ms MarkObjects: 3.495200 ms  DeleteObjects: 0.043200 ms)

========================================================================
Received Prepare
Registering precompiled user dll's ...
Registered in 0.032967 seconds.
Begin MonoManager ReloadAssembly
Native extension for WindowsStandalone target not found
Refreshing native plugins compatible for Editor in 1.80 ms, found 2 plugins.
Preloading 0 native plugins for Editor in 0.00 ms.
Mono: successfully reloaded assembly
- Completed reload, in  2.427 seconds
Platform modules already initialized, skipping
Shader 'Universal Render Pipeline/Particles/Lit': fallback shader 'Universal Render Pipeline/Particles/SimpleLit' not found
Refreshing native plugins compatible for Editor in 1.89 ms, found 2 plugins.
Preloading 0 native plugins for Editor in 0.00 ms.
Unloading 3423 Unused Serialized files (Serialized files now loaded: 0)
System memory in use before: 147.2 MB.
System memory in use after: 147.5 MB.

Unloading 50 unused Assets to reduce memory usage. Loaded Objects now: 4020.
Total: 4.108500 ms (FindLiveObjects: 0.659100 ms CreateObjectMapping: 0.323200 ms MarkObjects: 3.058900 ms  DeleteObjects: 0.065200 ms)

========================================================================
Received Prepare
Registering precompiled user dll's ...
Registered in 0.006462 seconds.
Begin MonoManager ReloadAssembly
Native extension for WindowsStandalone target not found
Refreshing native plugins compatible for Editor in 2.14 ms, found 2 plugins.
Preloading 0 native plugins for Editor in 0.00 ms.
Mono: successfully reloaded assembly
- Completed reload, in  1.850 seconds
Platform modules already initialized, skipping
Shader 'Universal Render Pipeline/Particles/Lit': fallback shader 'Universal Render Pipeline/Particles/SimpleLit' not found
Refreshing native plugins compatible for Editor in 1.83 ms, found 2 plugins.
Preloading 0 native plugins for Editor in 0.00 ms.
Unloading 3423 Unused Serialized files (Serialized files now loaded: 0)
System memory in use before: 147.3 MB.
System memory in use after: 147.5 MB.

Unloading 50 unused Assets to reduce memory usage. Loaded Objects now: 4023.
Total: 4.496900 ms (FindLiveObjects: 0.570700 ms CreateObjectMapping: 0.274600 ms MarkObjects: 3.604800 ms  DeleteObjects: 0.045100 ms)

========================================================================
Received Prepare
Registering precompiled user dll's ...
Registered in 0.010300 seconds.
Begin MonoManager ReloadAssembly
Native extension for WindowsStandalone target not found
Refreshing native plugins compatible for Editor in 1.63 ms, found 2 plugins.
Preloading 0 native plugins for Editor in 0.00 ms.
Mono: successfully reloaded assembly
- Completed reload, in  1.910 seconds
Platform modules already initialized, skipping
Shader 'Universal Render Pipeline/Particles/Lit': fallback shader 'Universal Render Pipeline/Particles/SimpleLit' not found
Refreshing native plugins compatible for Editor in 2.04 ms, found 2 plugins.
Preloading 0 native plugins for Editor in 0.00 ms.
Unloading 3423 Unused Serialized files (Serialized files now loaded: 0)
System memory in use before: 147.3 MB.
System memory in use after: 147.5 MB.

Unloading 50 unused Assets to reduce memory usage. Loaded Objects now: 4026.
Total: 4.224500 ms (FindLiveObjects: 0.662500 ms CreateObjectMapping: 0.330600 ms MarkObjects: 3.196900 ms  DeleteObjects: 0.033000 ms)

========================================================================
Received Import Request.
  Time since last request: 538.448955 seconds.
  path: Assets/Resources/InputManager/m_inputAction.inputactions
  artifactKey: Guid(90072dc7d4af96c4da17aa5199193bf8) Importer(815301076,1909f56bfc062723c751e8b465ee728b)
Start importing Assets/Resources/InputManager/m_inputAction.inputactions using Guid(90072dc7d4af96c4da17aa5199193bf8) Importer(815301076,1909f56bfc062723c751e8b465ee728b)  -> (artifact id: 'd95fac85c4de3fe5fff767e28965fc8a') in 0.036112 seconds
  Import took 0.044340 seconds .

========================================================================
Received Import Request.
  Time since last request: 10.894682 seconds.
  path: Assets/Scenes/3GameScene.unity
  artifactKey: Guid(0676d81a2721bd74194dc46486171b37) Importer(815301076,1909f56bfc062723c751e8b465ee728b)
Start importing Assets/Scenes/3GameScene.unity using Guid(0676d81a2721bd74194dc46486171b37) Importer(815301076,1909f56bfc062723c751e8b465ee728b)  -> (artifact id: 'bf87608c329dc1a48e22c6fe9eaa0de3') in 0.016295 seconds
  Import took 0.029856 seconds .

========================================================================
Received Import Request.
  Time since last request: 46.730381 seconds.
  path: Assets/Resources/Prefabs/3GameScene/Cat.prefab
  artifactKey: Guid(28d362805617f5f448ef3d7e8c98bbb1) Importer(815301076,1909f56bfc062723c751e8b465ee728b)
Start importing Assets/Resources/Prefabs/3GameScene/Cat.prefab using Guid(28d362805617f5f448ef3d7e8c98bbb1) Importer(815301076,1909f56bfc062723c751e8b465ee728b)  -> (artifact id: '05b19d7e8a197656cc39de619a61698a') in 0.066745 seconds
  Import took 0.080526 seconds .

========================================================================
Received Import Request.
  Time since last request: 3.996873 seconds.
  path: Assets/Resources/Prefabs/3GameScene/Cat 1.prefab
  artifactKey: Guid(15794ff2eadad714aaa1b940eed4d01b) Importer(815301076,1909f56bfc062723c751e8b465ee728b)
Start importing Assets/Resources/Prefabs/3GameScene/Cat 1.prefab using Guid(15794ff2eadad714aaa1b940eed4d01b) Importer(815301076,1909f56bfc062723c751e8b465ee728b)  -> (artifact id: '88ce602c1ef7675b3cb93b95d36ad712') in 0.011196 seconds
  Import took 0.018643 seconds .

========================================================================
Received Import Request.
  Time since last request: 7.863132 seconds.
  path: Assets/Resources/Prefabs/3GameScene/Animal.prefab
  artifactKey: Guid(15794ff2eadad714aaa1b940eed4d01b) Importer(815301076,1909f56bfc062723c751e8b465ee728b)
Start importing Assets/Resources/Prefabs/3GameScene/Animal.prefab using Guid(15794ff2eadad714aaa1b940eed4d01b) Importer(815301076,1909f56bfc062723c751e8b465ee728b)  -> (artifact id: 'b216425094e561e46deb1236d8d71260') in 0.009635 seconds
  Import took 0.016741 seconds .

========================================================================
Received Import Request.
  Time since last request: 93.587948 seconds.
  path: Assets/Resources/Prefabs/3GameScene/Dog.prefab
  artifactKey: Guid(a5b469b2918323d4d8328d6871590b72) Importer(815301076,1909f56bfc062723c751e8b465ee728b)
Start importing Assets/Resources/Prefabs/3GameScene/Dog.prefab using Guid(a5b469b2918323d4d8328d6871590b72) Importer(815301076,1909f56bfc062723c751e8b465ee728b)  -> (artifact id: '519d9f6437831b2f054d7dc30c146ac6') in 0.030580 seconds
  Import took 0.043221 seconds .

========================================================================
Received Import Request.
  Time since last request: 0.868726 seconds.
  path: Assets/Resources/Prefabs/3GameScene/Koala.prefab
  artifactKey: Guid(2bbe6567a1455ac468c52fdcfa8a5d46) Importer(815301076,1909f56bfc062723c751e8b465ee728b)
Start importing Assets/Resources/Prefabs/3GameScene/Koala.prefab using Guid(2bbe6567a1455ac468c52fdcfa8a5d46) Importer(815301076,1909f56bfc062723c751e8b465ee728b)  -> (artifact id: '25e47987fb7f225650df6b9193691493') in 0.022404 seconds
  Import took 0.033056 seconds .

========================================================================
Received Import Request.
  Time since last request: 0.000383 seconds.
  path: Assets/Resources/Prefabs/3GameScene/Koala.prefab
  artifactKey: Guid(2bbe6567a1455ac468c52fdcfa8a5d46) Importer(815301076,1909f56bfc062723c751e8b465ee728b)
Start importing Assets/Resources/Prefabs/3GameScene/Koala.prefab using Guid(2bbe6567a1455ac468c52fdcfa8a5d46) Importer(815301076,1909f56bfc062723c751e8b465ee728b)  -> (artifact id: '25e47987fb7f225650df6b9193691493') in 0.005307 seconds
  Import took 0.012927 seconds .

========================================================================
Received Prepare
Registering precompiled user dll's ...
Registered in 0.007021 seconds.
Begin MonoManager ReloadAssembly
Native extension for WindowsStandalone target not found
Refreshing native plugins compatible for Editor in 1.15 ms, found 2 plugins.
Preloading 0 native plugins for Editor in 0.00 ms.
Mono: successfully reloaded assembly
- Completed reload, in  1.909 seconds
Platform modules already initialized, skipping
Shader 'Universal Render Pipeline/Particles/Lit': fallback shader 'Universal Render Pipeline/Particles/SimpleLit' not found
Refreshing native plugins compatible for Editor in 56.58 ms, found 2 plugins.
Preloading 0 native plugins for Editor in 0.00 ms.
Unloading 3424 Unused Serialized files (Serialized files now loaded: 0)
System memory in use before: 147.3 MB.
System memory in use after: 147.6 MB.

Unloading 50 unused Assets to reduce memory usage. Loaded Objects now: 4030.
Total: 3.914600 ms (FindLiveObjects: 0.586700 ms CreateObjectMapping: 0.338900 ms MarkObjects: 2.948400 ms  DeleteObjects: 0.039100 ms)

========================================================================
Received Prepare
Registering precompiled user dll's ...
Registered in 0.006806 seconds.
Begin MonoManager ReloadAssembly
Native extension for WindowsStandalone target not found
Refreshing native plugins compatible for Editor in 1.11 ms, found 2 plugins.
Preloading 0 native plugins for Editor in 0.00 ms.
Mono: successfully reloaded assembly
- Completed reload, in  1.786 seconds
Platform modules already initialized, skipping
Shader 'Universal Render Pipeline/Particles/Lit': fallback shader 'Universal Render Pipeline/Particles/SimpleLit' not found
Refreshing native plugins compatible for Editor in 1.13 ms, found 2 plugins.
Preloading 0 native plugins for Editor in 0.00 ms.
Unloading 3424 Unused Serialized files (Serialized files now loaded: 0)
System memory in use before: 147.3 MB.
System memory in use after: 147.6 MB.

Unloading 50 unused Assets to reduce memory usage. Loaded Objects now: 4033.
Total: 6.468600 ms (FindLiveObjects: 0.657300 ms CreateObjectMapping: 0.411300 ms MarkObjects: 5.337600 ms  DeleteObjects: 0.061200 ms)

========================================================================
Received Import Request.
  Time since last request: 530.540850 seconds.
  path: Assets/3rdParty
  artifactKey: Guid(bcf166e5d0fe23b4291dd805c7bc4b18) Importer(815301076,1909f56bfc062723c751e8b465ee728b)
Start importing Assets/3rdParty using Guid(bcf166e5d0fe23b4291dd805c7bc4b18) Importer(815301076,1909f56bfc062723c751e8b465ee728b)  -> (artifact id: '8ec937cf5b35b85ef099c57123631e05') in 0.020734 seconds
  Import took 0.032704 seconds .

========================================================================
Received Import Request.
  Time since last request: 0.334170 seconds.
  path: Assets/Resources
  artifactKey: Guid(9512ed055670aac499acd87a8cd02d4e) Importer(815301076,1909f56bfc062723c751e8b465ee728b)
Start importing Assets/Resources using Guid(9512ed055670aac499acd87a8cd02d4e) Importer(815301076,1909f56bfc062723c751e8b465ee728b)  -> (artifact id: '9957898fde03b09ca207f11c35c062e6') in 0.007024 seconds
  Import took 0.014655 seconds .

========================================================================
Received Import Request.
  Time since last request: 11.112477 seconds.
  path: Assets/Script/3GameScene/InitationAnimal.cs
  artifactKey: Guid(51c73e64753d8d740b25a88d5dd93193) Importer(815301076,1909f56bfc062723c751e8b465ee728b)
Start importing Assets/Script/3GameScene/InitationAnimal.cs using Guid(51c73e64753d8d740b25a88d5dd93193) Importer(815301076,1909f56bfc062723c751e8b465ee728b)  -> (artifact id: '845a7400500f5b57f2d733ace01eb91b') in 0.008392 seconds
  Import took 0.017848 seconds .

========================================================================
Received Prepare
Registering precompiled user dll's ...
Registered in 0.006451 seconds.
Begin MonoManager ReloadAssembly
Native extension for WindowsStandalone target not found
Refreshing native plugins compatible for Editor in 2.24 ms, found 2 plugins.
Preloading 0 native plugins for Editor in 0.00 ms.
Mono: successfully reloaded assembly
- Completed reload, in  1.928 seconds
Platform modules already initialized, skipping
Shader 'Universal Render Pipeline/Particles/Lit': fallback shader 'Universal Render Pipeline/Particles/SimpleLit' not found
Refreshing native plugins compatible for Editor in 0.96 ms, found 2 plugins.
Preloading 0 native plugins for Editor in 0.00 ms.
Unloading 3424 Unused Serialized files (Serialized files now loaded: 0)
System memory in use before: 147.3 MB.
System memory in use after: 147.6 MB.

Unloading 50 unused Assets to reduce memory usage. Loaded Objects now: 4036.
Total: 3.572700 ms (FindLiveObjects: 0.426200 ms CreateObjectMapping: 0.149900 ms MarkObjects: 2.962000 ms  DeleteObjects: 0.033500 ms)

========================================================================
Received Import Request.
  Time since last request: 6.702713 seconds.
  path: Assets/Script/3GameScene/LinkData.cs
  artifactKey: Guid(6e847ab091b4d7b45a0ff4d48633b924) Importer(815301076,1909f56bfc062723c751e8b465ee728b)
Start importing Assets/Script/3GameScene/LinkData.cs using Guid(6e847ab091b4d7b45a0ff4d48633b924) Importer(815301076,1909f56bfc062723c751e8b465ee728b)  -> (artifact id: 'f2a3c2cbd4dc73cc69048f0d97cf84ff') in 0.009633 seconds
  Import took 0.015314 seconds .

========================================================================
Received Import Request.
  Time since last request: 3.730337 seconds.
  path: Assets/Script/3GameScene
  artifactKey: Guid(d107aa3947524d34bab4b86e9011dcac) Importer(815301076,1909f56bfc062723c751e8b465ee728b)
Start importing Assets/Script/3GameScene using Guid(d107aa3947524d34bab4b86e9011dcac) Importer(815301076,1909f56bfc062723c751e8b465ee728b)  -> (artifact id: 'e928877d92b4ab258e8209f15cf98a48') in 0.013062 seconds
  Import took 0.023522 seconds .

========================================================================
Received Import Request.
  Time since last request: 38.920059 seconds.
  path: Assets/Script/3GameScene/AnimalProperty.cs
  artifactKey: Guid(628137ea2f1dbde4a8e06b376407dde7) Importer(815301076,1909f56bfc062723c751e8b465ee728b)
Start importing Assets/Script/3GameScene/AnimalProperty.cs using Guid(628137ea2f1dbde4a8e06b376407dde7) Importer(815301076,1909f56bfc062723c751e8b465ee728b)  -> (artifact id: 'fab74f6d011e28ee93fd9322742c54c9') in 0.009838 seconds
  Import took 0.019245 seconds .

========================================================================
Received Prepare
Registering precompiled user dll's ...
Registered in 0.005653 seconds.
Begin MonoManager ReloadAssembly
Native extension for WindowsStandalone target not found
Refreshing native plugins compatible for Editor in 1.12 ms, found 2 plugins.
Preloading 0 native plugins for Editor in 0.00 ms.
Mono: successfully reloaded assembly
- Completed reload, in  1.723 seconds
Platform modules already initialized, skipping
Shader 'Universal Render Pipeline/Particles/Lit': fallback shader 'Universal Render Pipeline/Particles/SimpleLit' not found
Refreshing native plugins compatible for Editor in 2.42 ms, found 2 plugins.
Preloading 0 native plugins for Editor in 0.00 ms.
Unloading 3425 Unused Serialized files (Serialized files now loaded: 0)
System memory in use before: 147.4 MB.
System memory in use after: 147.6 MB.

Unloading 50 unused Assets to reduce memory usage. Loaded Objects now: 4040.
Total: 8.528100 ms (FindLiveObjects: 0.760800 ms CreateObjectMapping: 0.372000 ms MarkObjects: 7.335500 ms  DeleteObjects: 0.057400 ms)

========================================================================
Received Prepare
Registering precompiled user dll's ...
Registered in 0.006399 seconds.
Begin MonoManager ReloadAssembly
Native extension for WindowsStandalone target not found
Refreshing native plugins compatible for Editor in 1.85 ms, found 2 plugins.
Preloading 0 native plugins for Editor in 0.00 ms.
Mono: successfully reloaded assembly
- Completed reload, in  1.929 seconds
Platform modules already initialized, skipping
Shader 'Universal Render Pipeline/Particles/Lit': fallback shader 'Universal Render Pipeline/Particles/SimpleLit' not found
Refreshing native plugins compatible for Editor in 1.65 ms, found 2 plugins.
Preloading 0 native plugins for Editor in 0.00 ms.
Unloading 3425 Unused Serialized files (Serialized files now loaded: 0)
System memory in use before: 147.4 MB.
System memory in use after: 147.6 MB.

Unloading 50 unused Assets to reduce memory usage. Loaded Objects now: 4043.
Total: 4.033800 ms (FindLiveObjects: 0.457700 ms CreateObjectMapping: 0.253200 ms MarkObjects: 3.281400 ms  DeleteObjects: 0.040200 ms)

========================================================================
Received Import Request.
  Time since last request: 111.781355 seconds.
  path: Assets/Script/3GameScene/AnimalProperty.cs
  artifactKey: Guid(628137ea2f1dbde4a8e06b376407dde7) Importer(815301076,1909f56bfc062723c751e8b465ee728b)
Start importing Assets/Script/3GameScene/AnimalProperty.cs using Guid(628137ea2f1dbde4a8e06b376407dde7) Importer(815301076,1909f56bfc062723c751e8b465ee728b)  -> (artifact id: '30cb0a61d579aec504b4fb2be6efea46') in 0.013520 seconds
  Import took 0.027259 seconds .

========================================================================
Received Import Request.
  Time since last request: 27.984727 seconds.
  path: Assets/Script/3GameScene/AnimalProperty.cs
  artifactKey: Guid(628137ea2f1dbde4a8e06b376407dde7) Importer(815301076,1909f56bfc062723c751e8b465ee728b)
Start importing Assets/Script/3GameScene/AnimalProperty.cs using Guid(628137ea2f1dbde4a8e06b376407dde7) Importer(815301076,1909f56bfc062723c751e8b465ee728b)  -> (artifact id: '295a3a2bb834754ad24e890a9f0d69d4') in 0.005169 seconds
  Import took 0.013343 seconds .

========================================================================
Received Import Request.
  Time since last request: 390.442142 seconds.
  path: Assets/Script/3GameScene/AnimalProperty.cs
  artifactKey: Guid(628137ea2f1dbde4a8e06b376407dde7) Importer(815301076,1909f56bfc062723c751e8b465ee728b)
Start importing Assets/Script/3GameScene/AnimalProperty.cs using Guid(628137ea2f1dbde4a8e06b376407dde7) Importer(815301076,1909f56bfc062723c751e8b465ee728b)  -> (artifact id: '3b899d005de2012abb29e82698a7c684') in 0.006722 seconds
  Import took 0.016708 seconds .

========================================================================
Received Import Request.
  Time since last request: 39.933154 seconds.
  path: Assets/Script/3GameScene/AnimalProperty.cs
  artifactKey: Guid(628137ea2f1dbde4a8e06b376407dde7) Importer(815301076,1909f56bfc062723c751e8b465ee728b)
Start importing Assets/Script/3GameScene/AnimalProperty.cs using Guid(628137ea2f1dbde4a8e06b376407dde7) Importer(815301076,1909f56bfc062723c751e8b465ee728b)  -> (artifact id: '7e0ccf24d73371e5677ca90c02b614b3') in 0.002696 seconds
  Import took 0.011470 seconds .

========================================================================
Received Import Request.
  Time since last request: 189.850152 seconds.
  path: Assets/Script/3GameScene/AnimalProperty.cs
  artifactKey: Guid(628137ea2f1dbde4a8e06b376407dde7) Importer(815301076,1909f56bfc062723c751e8b465ee728b)
Start importing Assets/Script/3GameScene/AnimalProperty.cs using Guid(628137ea2f1dbde4a8e06b376407dde7) Importer(815301076,1909f56bfc062723c751e8b465ee728b)  -> (artifact id: 'c47352e42c165c8de06e97f6a2c592b3') in 0.003595 seconds
  Import took 0.013847 seconds .

========================================================================
Received Import Request.
  Time since last request: 106.505729 seconds.
  path: Assets/Resources/Prefabs/CGM/CGM.prefab
  artifactKey: Guid(d963b893f53b53844b194043b5404c40) Importer(815301076,1909f56bfc062723c751e8b465ee728b)
Start importing Assets/Resources/Prefabs/CGM/CGM.prefab using Guid(d963b893f53b53844b194043b5404c40) Importer(815301076,1909f56bfc062723c751e8b465ee728b)  -> (artifact id: '2047c51dc1e8fad2e38864c25a785031') in 0.054825 seconds
  Import took 0.063219 seconds .

========================================================================
Received Import Request.
  Time since last request: 0.008399 seconds.
  path: Assets/Resources/Prefabs/CGM/CGM.prefab
  artifactKey: Guid(d963b893f53b53844b194043b5404c40) Importer(815301076,1909f56bfc062723c751e8b465ee728b)
Start importing Assets/Resources/Prefabs/CGM/CGM.prefab using Guid(d963b893f53b53844b194043b5404c40) Importer(815301076,1909f56bfc062723c751e8b465ee728b)  -> (artifact id: '2047c51dc1e8fad2e38864c25a785031') in 0.017828 seconds
  Import took 0.026488 seconds .

========================================================================
Received Import Request.
  Time since last request: 50.695880 seconds.
  path: Assets/Resources/InputManager
  artifactKey: Guid(d4d4f3f0578511c42b5df903a1ba8be5) Importer(815301076,1909f56bfc062723c751e8b465ee728b)
Start importing Assets/Resources/InputManager using Guid(d4d4f3f0578511c42b5df903a1ba8be5) Importer(815301076,1909f56bfc062723c751e8b465ee728b)  -> (artifact id: '6b45e65f78ba4e54b0b0222af647bda8') in 0.015478 seconds
  Import took 0.030427 seconds .

========================================================================
Received Import Request.
  Time since last request: 0.363923 seconds.
  path: Assets/Resources/DataSheet
  artifactKey: Guid(8535ac2deff867047b0994b15f75cd2a) Importer(815301076,1909f56bfc062723c751e8b465ee728b)
Start importing Assets/Resources/DataSheet using Guid(8535ac2deff867047b0994b15f75cd2a) Importer(815301076,1909f56bfc062723c751e8b465ee728b)  -> (artifact id: '282fc504e56f9eca8b6e8f1291cac048') in 0.007793 seconds
  Import took 0.014559 seconds .

========================================================================
Received Import Request.
  Time since last request: 161.991152 seconds.
  path: Assets/Script/3GameScene/AnimalProperty.cs
  artifactKey: Guid(628137ea2f1dbde4a8e06b376407dde7) Importer(815301076,1909f56bfc062723c751e8b465ee728b)
Start importing Assets/Script/3GameScene/AnimalProperty.cs using Guid(628137ea2f1dbde4a8e06b376407dde7) Importer(815301076,1909f56bfc062723c751e8b465ee728b)  -> (artifact id: '4efd3748af59845494dbd07e05fe5371') in 0.005243 seconds
  Import took 0.017278 seconds .

========================================================================
Received Import Request.
  Time since last request: 1098.490214 seconds.
  path: Assets/Script/Util/Consts.cs
  artifactKey: Guid(075ffb15bca2ecf4eb212da477c7cc57) Importer(815301076,1909f56bfc062723c751e8b465ee728b)
Start importing Assets/Script/Util/Consts.cs using Guid(075ffb15bca2ecf4eb212da477c7cc57) Importer(815301076,1909f56bfc062723c751e8b465ee728b)  -> (artifact id: 'c127bf62340afa06ba7fc2106c0a1398') in 0.017206 seconds
  Import took 0.031765 seconds .

========================================================================
Received Prepare
Registering precompiled user dll's ...
Registered in 0.006411 seconds.
Begin MonoManager ReloadAssembly
Native extension for WindowsStandalone target not found
Refreshing native plugins compatible for Editor in 1.85 ms, found 2 plugins.
Preloading 0 native plugins for Editor in 0.00 ms.
Mono: successfully reloaded assembly
- Completed reload, in  2.001 seconds
Platform modules already initialized, skipping
Shader 'Universal Render Pipeline/Particles/Lit': fallback shader 'Universal Render Pipeline/Particles/SimpleLit' not found
Refreshing native plugins compatible for Editor in 2.34 ms, found 2 plugins.
Preloading 0 native plugins for Editor in 0.00 ms.
Unloading 3425 Unused Serialized files (Serialized files now loaded: 0)
System memory in use before: 147.4 MB.
System memory in use after: 147.6 MB.

Unloading 50 unused Assets to reduce memory usage. Loaded Objects now: 4046.
Total: 5.412700 ms (FindLiveObjects: 0.777000 ms CreateObjectMapping: 0.183600 ms MarkObjects: 4.413200 ms  DeleteObjects: 0.037100 ms)

========================================================================
Received Prepare
Registering precompiled user dll's ...
Registered in 0.006371 seconds.
Begin MonoManager ReloadAssembly
Native extension for WindowsStandalone target not found
Refreshing native plugins compatible for Editor in 1.55 ms, found 2 plugins.
Preloading 0 native plugins for Editor in 0.00 ms.
Mono: successfully reloaded assembly
- Completed reload, in  2.250 seconds
Platform modules already initialized, skipping
Shader 'Universal Render Pipeline/Particles/Lit': fallback shader 'Universal Render Pipeline/Particles/SimpleLit' not found
Refreshing native plugins compatible for Editor in 1.71 ms, found 2 plugins.
Preloading 0 native plugins for Editor in 0.00 ms.
Unloading 3425 Unused Serialized files (Serialized files now loaded: 0)
System memory in use before: 147.4 MB.
System memory in use after: 147.6 MB.

Unloading 50 unused Assets to reduce memory usage. Loaded Objects now: 4049.
Total: 6.347900 ms (FindLiveObjects: 0.453800 ms CreateObjectMapping: 0.413800 ms MarkObjects: 5.400900 ms  DeleteObjects: 0.077500 ms)

========================================================================
Received Prepare
Registering precompiled user dll's ...
Registered in 0.012590 seconds.
Begin MonoManager ReloadAssembly
Native extension for WindowsStandalone target not found
Refreshing native plugins compatible for Editor in 2.75 ms, found 2 plugins.
Preloading 0 native plugins for Editor in 0.00 ms.
Mono: successfully reloaded assembly
- Completed reload, in  2.568 seconds
Platform modules already initialized, skipping
Shader 'Universal Render Pipeline/Particles/Lit': fallback shader 'Universal Render Pipeline/Particles/SimpleLit' not found
Refreshing native plugins compatible for Editor in 2.19 ms, found 2 plugins.
Preloading 0 native plugins for Editor in 0.00 ms.
Unloading 3425 Unused Serialized files (Serialized files now loaded: 0)
System memory in use before: 147.4 MB.
System memory in use after: 147.6 MB.

Unloading 50 unused Assets to reduce memory usage. Loaded Objects now: 4052.
Total: 10.728800 ms (FindLiveObjects: 1.133600 ms CreateObjectMapping: 0.499400 ms MarkObjects: 9.026400 ms  DeleteObjects: 0.066000 ms)

========================================================================
Received Prepare
Registering precompiled user dll's ...
Registered in 0.011656 seconds.
Begin MonoManager ReloadAssembly
Native extension for WindowsStandalone target not found
Refreshing native plugins compatible for Editor in 1.34 ms, found 2 plugins.
Preloading 0 native plugins for Editor in 0.00 ms.
Mono: successfully reloaded assembly
- Completed reload, in  2.057 seconds
Platform modules already initialized, skipping
Shader 'Universal Render Pipeline/Particles/Lit': fallback shader 'Universal Render Pipeline/Particles/SimpleLit' not found
Refreshing native plugins compatible for Editor in 1.50 ms, found 2 plugins.
Preloading 0 native plugins for Editor in 0.00 ms.
Unloading 3425 Unused Serialized files (Serialized files now loaded: 0)
System memory in use before: 147.4 MB.
System memory in use after: 147.7 MB.

Unloading 50 unused Assets to reduce memory usage. Loaded Objects now: 4055.
Total: 5.291700 ms (FindLiveObjects: 0.734600 ms CreateObjectMapping: 0.391800 ms MarkObjects: 4.105900 ms  DeleteObjects: 0.057400 ms)

========================================================================
Received Prepare
Registering precompiled user dll's ...
Registered in 0.008375 seconds.
Begin MonoManager ReloadAssembly
Native extension for WindowsStandalone target not found
Refreshing native plugins compatible for Editor in 1.11 ms, found 2 plugins.
Preloading 0 native plugins for Editor in 0.00 ms.
Mono: successfully reloaded assembly
- Completed reload, in  1.214 seconds
Platform modules already initialized, skipping
Shader 'Universal Render Pipeline/Particles/Lit': fallback shader 'Universal Render Pipeline/Particles/SimpleLit' not found
Refreshing native plugins compatible for Editor in 1.24 ms, found 2 plugins.
Preloading 0 native plugins for Editor in 0.00 ms.
Unloading 3425 Unused Serialized files (Serialized files now loaded: 0)
System memory in use before: 147.4 MB.
System memory in use after: 147.7 MB.

Unloading 50 unused Assets to reduce memory usage. Loaded Objects now: 4058.
Total: 3.432200 ms (FindLiveObjects: 0.417100 ms CreateObjectMapping: 0.180600 ms MarkObjects: 2.799300 ms  DeleteObjects: 0.034000 ms)

========================================================================
Received Prepare
Registering precompiled user dll's ...
Registered in 0.013452 seconds.
Begin MonoManager ReloadAssembly
Native extension for WindowsStandalone target not found
Refreshing native plugins compatible for Editor in 1.27 ms, found 2 plugins.
Preloading 0 native plugins for Editor in 0.00 ms.
Mono: successfully reloaded assembly
- Completed reload, in  2.039 seconds
Platform modules already initialized, skipping
Shader 'Universal Render Pipeline/Particles/Lit': fallback shader 'Universal Render Pipeline/Particles/SimpleLit' not found
Refreshing native plugins compatible for Editor in 1.25 ms, found 2 plugins.
Preloading 0 native plugins for Editor in 0.00 ms.
Unloading 3425 Unused Serialized files (Serialized files now loaded: 0)
System memory in use before: 147.4 MB.
System memory in use after: 147.7 MB.

Unloading 50 unused Assets to reduce memory usage. Loaded Objects now: 4061.
Total: 4.269300 ms (FindLiveObjects: 0.447700 ms CreateObjectMapping: 0.201800 ms MarkObjects: 3.569400 ms  DeleteObjects: 0.049200 ms)

========================================================================
Received Prepare
Registering precompiled user dll's ...
Registered in 0.008653 seconds.
Begin MonoManager ReloadAssembly
Native extension for WindowsStandalone target not found
Refreshing native plugins compatible for Editor in 1.02 ms, found 2 plugins.
Preloading 0 native plugins for Editor in 0.00 ms.
Mono: successfully reloaded assembly
- Completed reload, in  1.490 seconds
Platform modules already initialized, skipping
Shader 'Universal Render Pipeline/Particles/Lit': fallback shader 'Universal Render Pipeline/Particles/SimpleLit' not found
Refreshing native plugins compatible for Editor in 1.41 ms, found 2 plugins.
Preloading 0 native plugins for Editor in 0.00 ms.
Unloading 3425 Unused Serialized files (Serialized files now loaded: 0)
System memory in use before: 147.4 MB.
System memory in use after: 147.7 MB.

Unloading 50 unused Assets to reduce memory usage. Loaded Objects now: 4064.
Total: 3.650100 ms (FindLiveObjects: 0.400500 ms CreateObjectMapping: 0.159300 ms MarkObjects: 3.047300 ms  DeleteObjects: 0.041800 ms)

========================================================================
Received Prepare
Registering precompiled user dll's ...
Registered in 0.006565 seconds.
Begin MonoManager ReloadAssembly
Native extension for WindowsStandalone target not found
Refreshing native plugins compatible for Editor in 1.38 ms, found 2 plugins.
Preloading 0 native plugins for Editor in 0.00 ms.
Mono: successfully reloaded assembly
- Completed reload, in  1.236 seconds
Platform modules already initialized, skipping
Shader 'Universal Render Pipeline/Particles/Lit': fallback shader 'Universal Render Pipeline/Particles/SimpleLit' not found
Refreshing native plugins compatible for Editor in 1.00 ms, found 2 plugins.
Preloading 0 native plugins for Editor in 0.00 ms.
Unloading 3425 Unused Serialized files (Serialized files now loaded: 0)
System memory in use before: 147.5 MB.
System memory in use after: 147.7 MB.

Unloading 50 unused Assets to reduce memory usage. Loaded Objects now: 4067.
Total: 6.048700 ms (FindLiveObjects: 0.503800 ms CreateObjectMapping: 0.190300 ms MarkObjects: 5.300500 ms  DeleteObjects: 0.052300 ms)

========================================================================
Received Prepare
Registering precompiled user dll's ...
Registered in 0.008920 seconds.
Begin MonoManager ReloadAssembly
Native extension for WindowsStandalone target not found
Refreshing native plugins compatible for Editor in 1.14 ms, found 2 plugins.
Preloading 0 native plugins for Editor in 0.00 ms.
Mono: successfully reloaded assembly
- Completed reload, in  1.151 seconds
Platform modules already initialized, skipping
Shader 'Universal Render Pipeline/Particles/Lit': fallback shader 'Universal Render Pipeline/Particles/SimpleLit' not found
Refreshing native plugins compatible for Editor in 1.23 ms, found 2 plugins.
Preloading 0 native plugins for Editor in 0.00 ms.
Unloading 3425 Unused Serialized files (Serialized files now loaded: 0)
System memory in use before: 147.5 MB.
System memory in use after: 147.7 MB.

Unloading 50 unused Assets to reduce memory usage. Loaded Objects now: 4070.
Total: 3.234300 ms (FindLiveObjects: 0.411700 ms CreateObjectMapping: 0.181300 ms MarkObjects: 2.610700 ms  DeleteObjects: 0.029600 ms)

========================================================================
Received Prepare
Registering precompiled user dll's ...
Registered in 0.006057 seconds.
Begin MonoManager ReloadAssembly
Native extension for WindowsStandalone target not found
Refreshing native plugins compatible for Editor in 1.02 ms, found 2 plugins.
Preloading 0 native plugins for Editor in 0.00 ms.
Mono: successfully reloaded assembly
- Completed reload, in  1.151 seconds
Platform modules already initialized, skipping
Shader 'Universal Render Pipeline/Particles/Lit': fallback shader 'Universal Render Pipeline/Particles/SimpleLit' not found
Refreshing native plugins compatible for Editor in 1.03 ms, found 2 plugins.
Preloading 0 native plugins for Editor in 0.00 ms.
Unloading 3425 Unused Serialized files (Serialized files now loaded: 0)
System memory in use before: 147.5 MB.
System memory in use after: 147.7 MB.

Unloading 50 unused Assets to reduce memory usage. Loaded Objects now: 4073.
Total: 3.382000 ms (FindLiveObjects: 0.440800 ms CreateObjectMapping: 0.162600 ms MarkObjects: 2.749400 ms  DeleteObjects: 0.028200 ms)

========================================================================
Received Prepare
Registering precompiled user dll's ...
Registered in 0.006618 seconds.
Begin MonoManager ReloadAssembly
Native extension for WindowsStandalone target not found
Refreshing native plugins compatible for Editor in 0.95 ms, found 2 plugins.
Preloading 0 native plugins for Editor in 0.00 ms.
Mono: successfully reloaded assembly
- Completed reload, in  1.221 seconds
Platform modules already initialized, skipping
Shader 'Universal Render Pipeline/Particles/Lit': fallback shader 'Universal Render Pipeline/Particles/SimpleLit' not found
Refreshing native plugins compatible for Editor in 1.64 ms, found 2 plugins.
Preloading 0 native plugins for Editor in 0.00 ms.
Unloading 3425 Unused Serialized files (Serialized files now loaded: 0)
System memory in use before: 147.5 MB.
System memory in use after: 147.7 MB.

Unloading 50 unused Assets to reduce memory usage. Loaded Objects now: 4076.
Total: 4.569600 ms (FindLiveObjects: 0.750700 ms CreateObjectMapping: 0.266900 ms MarkObjects: 3.506500 ms  DeleteObjects: 0.044300 ms)

========================================================================
Received Prepare
Registering precompiled user dll's ...
Registered in 0.005822 seconds.
Begin MonoManager ReloadAssembly
Native extension for WindowsStandalone target not found
Refreshing native plugins compatible for Editor in 1.06 ms, found 2 plugins.
Preloading 0 native plugins for Editor in 0.00 ms.
Mono: successfully reloaded assembly
- Completed reload, in  1.159 seconds
Platform modules already initialized, skipping
Shader 'Universal Render Pipeline/Particles/Lit': fallback shader 'Universal Render Pipeline/Particles/SimpleLit' not found
Refreshing native plugins compatible for Editor in 0.94 ms, found 2 plugins.
Preloading 0 native plugins for Editor in 0.00 ms.
Unloading 3425 Unused Serialized files (Serialized files now loaded: 0)
System memory in use before: 147.5 MB.
System memory in use after: 147.7 MB.

Unloading 50 unused Assets to reduce memory usage. Loaded Objects now: 4079.
Total: 3.042600 ms (FindLiveObjects: 0.395100 ms CreateObjectMapping: 0.159100 ms MarkObjects: 2.461800 ms  DeleteObjects: 0.025700 ms)

========================================================================
Received Prepare
Registering precompiled user dll's ...
Registered in 0.009004 seconds.
Begin MonoManager ReloadAssembly
Native extension for WindowsStandalone target not found
Refreshing native plugins compatible for Editor in 0.89 ms, found 2 plugins.
Preloading 0 native plugins for Editor in 0.00 ms.
Mono: successfully reloaded assembly
- Completed reload, in  1.420 seconds
Platform modules already initialized, skipping
Shader 'Universal Render Pipeline/Particles/Lit': fallback shader 'Universal Render Pipeline/Particles/SimpleLit' not found
Refreshing native plugins compatible for Editor in 1.03 ms, found 2 plugins.
Preloading 0 native plugins for Editor in 0.00 ms.
Unloading 3425 Unused Serialized files (Serialized files now loaded: 0)
System memory in use before: 147.5 MB.
System memory in use after: 147.7 MB.

Unloading 50 unused Assets to reduce memory usage. Loaded Objects now: 4082.
Total: 5.139200 ms (FindLiveObjects: 0.653000 ms CreateObjectMapping: 0.473000 ms MarkObjects: 3.965300 ms  DeleteObjects: 0.046200 ms)

========================================================================
Received Import Request.
  Time since last request: 1999.297373 seconds.
  path: Assets/Script/SheetManager.cs
  artifactKey: Guid(9b8bf70b760407e42b5cff1c09d776c8) Importer(815301076,1909f56bfc062723c751e8b465ee728b)
Start importing Assets/Script/SheetManager.cs using Guid(9b8bf70b760407e42b5cff1c09d776c8) Importer(815301076,1909f56bfc062723c751e8b465ee728b)  -> (artifact id: '478238e1051aae00efd4c199488c742c') in 0.012584 seconds
  Import took 0.019221 seconds .

========================================================================
Received Import Request.
  Time since last request: 4.180495 seconds.
  path: Assets/Script/Util/Singleton.cs
  artifactKey: Guid(480459830d8437c439be17f55811040a) Importer(815301076,1909f56bfc062723c751e8b465ee728b)
Start importing Assets/Script/Util/Singleton.cs using Guid(480459830d8437c439be17f55811040a) Importer(815301076,1909f56bfc062723c751e8b465ee728b)  -> (artifact id: '6c2931e6d3b3a58132fdc78ec19d387e') in 0.007545 seconds
  Import took 0.015877 seconds .

========================================================================
Received Import Request.
  Time since last request: 109.091503 seconds.
  path: Assets/Resources/DataSheet/myAnimalDataBaseSheet.asset
  artifactKey: Guid(96ff5b1de703379408c5ac9e40d468c1) Importer(815301076,1909f56bfc062723c751e8b465ee728b)
Start importing Assets/Resources/DataSheet/myAnimalDataBaseSheet.asset using Guid(96ff5b1de703379408c5ac9e40d468c1) Importer(815301076,1909f56bfc062723c751e8b465ee728b)  -> (artifact id: 'cee5c3d6913ebf0d6d0d206edaf5309d') in 0.027802 seconds
  Import took 0.036150 seconds .

========================================================================
Received Import Request.
  Time since last request: 13.259724 seconds.
  path: Assets/Resources/DataSheet/myAnimalSheet.asset
  artifactKey: Guid(afa9771ed8655434c97058f68137a29e) Importer(815301076,1909f56bfc062723c751e8b465ee728b)
Start importing Assets/Resources/DataSheet/myAnimalSheet.asset using Guid(afa9771ed8655434c97058f68137a29e) Importer(815301076,1909f56bfc062723c751e8b465ee728b)  -> (artifact id: '72c4e051a20a2769007498fb5ec82acd') in 0.010262 seconds
  Import took 0.017368 seconds .

========================================================================
Received Prepare
Registering precompiled user dll's ...
Registered in 0.008828 seconds.
Begin MonoManager ReloadAssembly
Native extension for WindowsStandalone target not found
Refreshing native plugins compatible for Editor in 1.03 ms, found 2 plugins.
Preloading 0 native plugins for Editor in 0.00 ms.
Mono: successfully reloaded assembly
- Completed reload, in  1.206 seconds
Platform modules already initialized, skipping
Shader 'Universal Render Pipeline/Particles/Lit': fallback shader 'Universal Render Pipeline/Particles/SimpleLit' not found
Refreshing native plugins compatible for Editor in 1.15 ms, found 2 plugins.
Preloading 0 native plugins for Editor in 0.00 ms.
Unloading 3425 Unused Serialized files (Serialized files now loaded: 0)
System memory in use before: 147.5 MB.
System memory in use after: 147.7 MB.

Unloading 50 unused Assets to reduce memory usage. Loaded Objects now: 4085.
Total: 3.609000 ms (FindLiveObjects: 0.483800 ms CreateObjectMapping: 0.138100 ms MarkObjects: 2.954600 ms  DeleteObjects: 0.031500 ms)

========================================================================
Received Prepare
Registering precompiled user dll's ...
Registered in 0.028007 seconds.
Begin MonoManager ReloadAssembly
Native extension for WindowsStandalone target not found
Refreshing native plugins compatible for Editor in 1.41 ms, found 2 plugins.
Preloading 0 native plugins for Editor in 0.00 ms.
Mono: successfully reloaded assembly
- Completed reload, in  2.062 seconds
Platform modules already initialized, skipping
Shader 'Universal Render Pipeline/Particles/Lit': fallback shader 'Universal Render Pipeline/Particles/SimpleLit' not found
Refreshing native plugins compatible for Editor in 2.02 ms, found 2 plugins.
Preloading 0 native plugins for Editor in 0.00 ms.
Unloading 3425 Unused Serialized files (Serialized files now loaded: 0)
System memory in use before: 147.5 MB.
System memory in use after: 147.7 MB.

Unloading 50 unused Assets to reduce memory usage. Loaded Objects now: 4088.
Total: 5.229800 ms (FindLiveObjects: 0.887700 ms CreateObjectMapping: 0.441000 ms MarkObjects: 3.851200 ms  DeleteObjects: 0.048200 ms)

========================================================================
Received Import Request.
  Time since last request: 1197.062204 seconds.
  path: Assets/Script/CenterGameManager/CGM_UILoader.cs
  artifactKey: Guid(f6cac9b670bbbfc46baf83cbe28d1c67) Importer(815301076,1909f56bfc062723c751e8b465ee728b)
Start importing Assets/Script/CenterGameManager/CGM_UILoader.cs using Guid(f6cac9b670bbbfc46baf83cbe28d1c67) Importer(815301076,1909f56bfc062723c751e8b465ee728b)  -> (artifact id: '88281429aecb25a4c252caadc7a1319c') in 0.012427 seconds
  Import took 0.020632 seconds .

========================================================================
Received Import Request.
  Time since last request: 0.030239 seconds.
  path: Assets/Script/CenterGameManager/CGM_UILoader.cs
  artifactKey: Guid(f6cac9b670bbbfc46baf83cbe28d1c67) Importer(815301076,1909f56bfc062723c751e8b465ee728b)
Start importing Assets/Script/CenterGameManager/CGM_UILoader.cs using Guid(f6cac9b670bbbfc46baf83cbe28d1c67) Importer(815301076,1909f56bfc062723c751e8b465ee728b)  -> (artifact id: '88281429aecb25a4c252caadc7a1319c') in 0.003961 seconds
  Import took 0.011287 seconds .

========================================================================
Received Import Request.
  Time since last request: 2.897513 seconds.
  path: Assets/Script/3GameScene/InitationAnimal.cs
  artifactKey: Guid(51c73e64753d8d740b25a88d5dd93193) Importer(815301076,1909f56bfc062723c751e8b465ee728b)
Start importing Assets/Script/3GameScene/InitationAnimal.cs using Guid(51c73e64753d8d740b25a88d5dd93193) Importer(815301076,1909f56bfc062723c751e8b465ee728b)  -> (artifact id: '8ea2cd350bd389989eefcc8422547bed') in 0.008581 seconds
  Import took 0.014980 seconds .

========================================================================
Received Import Request.
  Time since last request: 0.628188 seconds.
  path: Assets/Script/3GameScene/AnimalProperty.cs
  artifactKey: Guid(628137ea2f1dbde4a8e06b376407dde7) Importer(815301076,1909f56bfc062723c751e8b465ee728b)
Start importing Assets/Script/3GameScene/AnimalProperty.cs using Guid(628137ea2f1dbde4a8e06b376407dde7) Importer(815301076,1909f56bfc062723c751e8b465ee728b)  -> (artifact id: 'cb8ab3e7d08c64092b4b64044e030689') in 0.016792 seconds
  Import took 0.023051 seconds .

========================================================================
Received Prepare
Registering precompiled user dll's ...
Registered in 0.009236 seconds.
Begin MonoManager ReloadAssembly
Native extension for WindowsStandalone target not found
Refreshing native plugins compatible for Editor in 1.34 ms, found 2 plugins.
Preloading 0 native plugins for Editor in 0.00 ms.
Mono: successfully reloaded assembly
- Completed reload, in  1.993 seconds
Platform modules already initialized, skipping
Shader 'Universal Render Pipeline/Particles/Lit': fallback shader 'Universal Render Pipeline/Particles/SimpleLit' not found
Refreshing native plugins compatible for Editor in 1.70 ms, found 2 plugins.
Preloading 0 native plugins for Editor in 0.00 ms.
Unloading 3426 Unused Serialized files (Serialized files now loaded: 0)
System memory in use before: 147.6 MB.
System memory in use after: 147.8 MB.

Unloading 50 unused Assets to reduce memory usage. Loaded Objects now: 4092.
Total: 6.011300 ms (FindLiveObjects: 0.906700 ms CreateObjectMapping: 0.427800 ms MarkObjects: 4.604200 ms  DeleteObjects: 0.070400 ms)

========================================================================
Received Prepare
Registering precompiled user dll's ...
Registered in 0.005926 seconds.
Begin MonoManager ReloadAssembly
Native extension for WindowsStandalone target not found
Refreshing native plugins compatible for Editor in 54.65 ms, found 2 plugins.
Preloading 0 native plugins for Editor in 0.00 ms.
Mono: successfully reloaded assembly
- Completed reload, in  0.813 seconds
Platform modules already initialized, skipping
Shader 'Universal Render Pipeline/Particles/Lit': fallback shader 'Universal Render Pipeline/Particles/SimpleLit' not found
Refreshing native plugins compatible for Editor in 1.05 ms, found 2 plugins.
Preloading 0 native plugins for Editor in 0.00 ms.
Unloading 3426 Unused Serialized files (Serialized files now loaded: 0)
System memory in use before: 145.7 MB.
System memory in use after: 146.0 MB.

Unloading 47 unused Assets to reduce memory usage. Loaded Objects now: 4092.
Total: 2.493900 ms (FindLiveObjects: 0.422800 ms CreateObjectMapping: 0.136700 ms MarkObjects: 1.907500 ms  DeleteObjects: 0.025800 ms)

AssetImportWorkerClient::OnTransportError - code=2 error=End of file
